<?xml version="1.0" encoding="UTF-8"?>
<!-- Generated by org.testng.reporters.JUnitXMLReporter -->
<testsuite ignored="0" hostname="DESKTOP-1DFEJPG" failures="0" tests="3" name="Test" time="19.7" errors="0" timestamp="2024-06-27T08:37:09 EDT">
  <testcase classname="com.test.MavenPgm.DragDrop" name="Test1" time="3.201"/>
  <testcase classname="com.test.MavenPgm.DragDrop" name="Test2" time="1.83"/>
  <testcase classname="com.test.MavenPgm.DragDrop" name="Test3" time="2.711"/>
</testsuite> <!-- Test -->
