<?xml version="1.0" encoding="UTF-8"?>
<testng-results ignored="0" total="3" passed="3" failed="0" skipped="0">
  <reporter-output>
  </reporter-output>
  <suite started-at="2024-06-27T08:36:49 EDT" name="Suite" finished-at="2024-06-27T08:37:09 EDT" duration-ms="19700">
    <groups>
    </groups>
    <test started-at="2024-06-27T08:36:49 EDT" name="Test" finished-at="2024-06-27T08:37:09 EDT" duration-ms="19700">
      <class name="com.test.MavenPgm.DragDrop">
        <test-method is-config="true" signature="Initalization()[pri:0, instance:com.test.MavenPgm.DragDrop@25084a1e]" started-at="2024-06-27T08:36:49 EDT" name="Initalization" finished-at="2024-06-27T08:36:58 EDT" duration-ms="9396" status="PASS">
          <reporter-output>
          </reporter-output>
        </test-method> <!-- Initalization -->
        <test-method signature="Test1()[pri:0, instance:com.test.MavenPgm.DragDrop@25084a1e]" started-at="2024-06-27T08:36:58 EDT" name="Test1" finished-at="2024-06-27T08:37:02 EDT" duration-ms="3201" status="PASS">
          <reporter-output>
          </reporter-output>
        </test-method> <!-- Test1 -->
        <test-method signature="Test2()[pri:0, instance:com.test.MavenPgm.DragDrop@25084a1e]" started-at="2024-06-27T08:37:02 EDT" name="Test2" finished-at="2024-06-27T08:37:04 EDT" duration-ms="1830" status="PASS">
          <reporter-output>
          </reporter-output>
        </test-method> <!-- Test2 -->
        <test-method signature="Test3()[pri:0, instance:com.test.MavenPgm.DragDrop@25084a1e]" started-at="2024-06-27T08:37:04 EDT" name="Test3" finished-at="2024-06-27T08:37:06 EDT" duration-ms="2711" status="PASS">
          <reporter-output>
          </reporter-output>
        </test-method> <!-- Test3 -->
        <test-method is-config="true" signature="CleanUp()[pri:0, instance:com.test.MavenPgm.DragDrop@25084a1e]" started-at="2024-06-27T08:37:06 EDT" name="CleanUp" finished-at="2024-06-27T08:37:09 EDT" duration-ms="2358" status="PASS">
          <reporter-output>
          </reporter-output>
        </test-method> <!-- CleanUp -->
      </class> <!-- com.test.MavenPgm.DragDrop -->
    </test> <!-- Test -->
  </suite> <!-- Suite -->
</testng-results>
